#
# A fatal error has been detected by the Java Runtime Environment:
#
#  Internal Error (0x6ef), pid=21900, tid=0x00000000000035c4
#
# JRE version: Java(TM) SE Runtime Environment (8.0_201-b09) (build 1.8.0_201-b09)
# Java VM: Java HotSpot(TM) 64-Bit Server VM (25.201-b09 mixed mode windows-amd64 compressed oops)
# Problematic frame:
# C  [KERNELBASE.dll+0x34f99]
#
# Failed to write core dump. Minidumps are not enabled by default on client versions of Windows
#
# If you would like to submit a bug report, please visit:
#   http://bugreport.java.com/bugreport/crash.jsp
# The crash happened outside the Java Virtual Machine in native code.
# See problematic frame for where to report the bug.
#

---------------  T H R E A D  ---------------

Current thread (0x000000001c134800):  JavaThread "Thread-4" daemon [_thread_in_native, id=13764, stack(0x000000001fd80000,0x000000001fe80000)]

siginfo: ExceptionCode=0x6ef

Registers:
RAX=0x0000000000000000, RBX=0x00000000000006ef, RCX=0x0000000000000000, RDX=0x0000000000000000
RSP=0x000000001fe7e650, RBP=0x000000000000000f, RSI=0x0000000000000000, RDI=0x00007ffd545e1bf8
R8 =0x0000000000000000, R9 =0x0000000000000000, R10=0x0000000019b659f0, R11=0x0000000000000000
R12=0x000000001fe7eee8, R13=0x00007ffd545e1d90, R14=0x0000000000000000, R15=0x000000001fe7e950
RIP=0x00007ffd5e7c4f99, EFLAGS=0x0000000000000206

Top of Stack: (sp=0x000000001fe7e650)
0x000000001fe7e650:   000000001fe7e810 00000000000006ef
0x000000001fe7e660:   0000000000000000 0000000000000000
0x000000001fe7e670:   00000001000006ef 0000000000000000
0x000000001fe7e680:   00007ffd5e7c4f99 0000000000000000
0x000000001fe7e690:   0000000000000000 0000000000000000
0x000000001fe7e6a0:   0000000000000000 0000000000000000
0x000000001fe7e6b0:   0000000000000000 0000000000000000
0x000000001fe7e6c0:   0000000000000000 0000000000000000
0x000000001fe7e6d0:   0000000000020000 000000001fe7e700
0x000000001fe7e6e0:   000000001fe7e700 000000001fe7e700
0x000000001fe7e6f0:   0000000000000002 0000000000000002
0x000000001fe7e700:   0000076ec0e10000 0000076ec0e1868f
0x000000001fe7e710:   00003834961d038d 0000000000000000
0x000000001fe7e720:   0000000000000000 00007ffd5f007740
0x000000001fe7e730:   0000000000000000 000000001fe7ea30
0x000000001fe7e740:   000000001fe7e850 00007ffd60d0aced 

Instructions: (pc=0x00007ffd5e7c4f99)
0x00007ffd5e7c4f79:   8b d1 44 0f 47 c0 44 89 44 24 38 49 c1 e0 03 e8
0x00007ffd5e7c4f89:   7a d7 05 00 48 8d 4c 24 20 48 ff 15 4f ad 18 00
0x00007ffd5e7c4f99:   0f 1f 44 00 00 48 8b 8c 24 c0 00 00 00 48 33 cc
0x00007ffd5e7c4fa9:   e8 82 97 05 00 48 81 c4 d8 00 00 00 c3 cc 83 64 


Register to memory mapping:

RAX=0x0000000000000000 is an unknown value
RBX=0x00000000000006ef is an unknown value
RCX=0x0000000000000000 is an unknown value
RDX=0x0000000000000000 is an unknown value
RSP=0x000000001fe7e650 is pointing into the stack for thread: 0x000000001c134800
RBP=0x000000000000000f is an unknown value
RSI=0x0000000000000000 is an unknown value
RDI=0x00007ffd545e1bf8 is an unknown value
R8 =0x0000000000000000 is an unknown value
R9 =0x0000000000000000 is an unknown value
R10=0x0000000019b659f0 is pointing into metadata
R11=0x0000000000000000 is an unknown value
R12=0x000000001fe7eee8 is pointing into the stack for thread: 0x000000001c134800
R13=0x00007ffd545e1d90 is an unknown value
R14=0x0000000000000000 is an unknown value
R15=0x000000001fe7e950 is pointing into the stack for thread: 0x000000001c134800


Stack: [0x000000001fd80000,0x000000001fe80000],  sp=0x000000001fe7e650,  free space=1017k
Native frames: (J=compiled Java code, j=interpreted, Vv=VM code, C=native code)
C  [KERNELBASE.dll+0x34f99]
C  [RPCRT4.dll+0x57740]
C  [RPCRT4.dll+0x57704]
C  [RPCRT4.dll+0x84ec5]
C  [RPCRT4.dll+0xdff55]
C  [RPCRT4.dll+0xe3840]
C  [BluetoothApis.dll+0x9dfb]
C  [irprops.cpl+0x4434]
C  [intelbth_x64.dll+0x7d70]
C  0x0000000002d71df0

Java frames: (J=compiled Java code, j=interpreted, Vv=VM code)
j  com.intel.bluetooth.BluetoothStackMicrosoft.setDiscoverable(Z)V+0
j  com.intel.bluetooth.BluetoothStackMicrosoft.setLocalDeviceDiscoverable(I)Z+75
j  javax.bluetooth.LocalDevice.setDiscoverable(I)Z+43
j  com.mycompany.tft.api.ConnectionSensor.run()V+7
v  ~StubRoutines::call_stub

---------------  P R O C E S S  ---------------

Java Threads: ( => current thread )
=>0x000000001c134800 JavaThread "Thread-4" daemon [_thread_in_native, id=13764, stack(0x000000001fd80000,0x000000001fe80000)]
  0x000000001c24b800 JavaThread "Thread-3" daemon [_thread_in_native, id=20448, stack(0x000000001fc80000,0x000000001fd80000)]
  0x000000001c249000 JavaThread "SwingWorker-pool-1-thread-2" daemon [_thread_blocked, id=10248, stack(0x000000001fb80000,0x000000001fc80000)]
  0x000000001d66b000 JavaThread "TimerQueue" daemon [_thread_blocked, id=1084, stack(0x000000001fa80000,0x000000001fb80000)]
  0x000000001d5cc800 JavaThread "SwingWorker-pool-1-thread-1" daemon [_thread_blocked, id=18328, stack(0x000000001f980000,0x000000001fa80000)]
  0x00000000012ee800 JavaThread "DestroyJavaVM" [_thread_blocked, id=7564, stack(0x0000000002b50000,0x0000000002c50000)]
  0x000000001d669800 JavaThread "BluecoveAsynchronousShutdownThread" daemon [_thread_blocked, id=8596, stack(0x000000001eef0000,0x000000001eff0000)]
  0x000000001d5c9000 JavaThread "org.netbeans.modules.debugger.jpda.visual AWT Access Loop" daemon [_thread_blocked, id=17048, stack(0x000000001e550000,0x000000001e650000)]
  0x000000001d50b000 JavaThread "AWT-EventQueue-0" [_thread_blocked, id=13172, stack(0x000000001e450000,0x000000001e550000)]
  0x000000001d48e800 JavaThread "AWT-Windows" daemon [_thread_in_native, id=5940, stack(0x000000001ddf0000,0x000000001def0000)]
  0x000000001d48b800 JavaThread "AWT-Shutdown" [_thread_blocked, id=10944, stack(0x000000001dcf0000,0x000000001ddf0000)]
  0x000000001d48a800 JavaThread "Java2D Disposer" daemon [_thread_blocked, id=12368, stack(0x000000001dbf0000,0x000000001dcf0000)]
  0x000000001c140800 JavaThread "Service Thread" daemon [_thread_blocked, id=12032, stack(0x000000001d070000,0x000000001d170000)]
  0x000000001c0bd000 JavaThread "C1 CompilerThread3" daemon [_thread_blocked, id=23296, stack(0x000000001cf70000,0x000000001d070000)]
  0x000000001c0bc000 JavaThread "C2 CompilerThread2" daemon [_thread_blocked, id=16424, stack(0x000000001ce70000,0x000000001cf70000)]
  0x000000001c0ba800 JavaThread "C2 CompilerThread1" daemon [_thread_blocked, id=13696, stack(0x000000001cd70000,0x000000001ce70000)]
  0x000000001c0b5000 JavaThread "C2 CompilerThread0" daemon [_thread_blocked, id=18188, stack(0x000000001cc70000,0x000000001cd70000)]
  0x000000001c09e000 JavaThread "JDWP Command Reader" daemon [_thread_in_native, id=18788, stack(0x000000001cb70000,0x000000001cc70000)]
  0x000000001c09b800 JavaThread "JDWP Event Helper Thread" daemon [_thread_blocked, id=7532, stack(0x000000001ca70000,0x000000001cb70000)]
  0x000000001c08d000 JavaThread "JDWP Transport Listener: dt_socket" daemon [_thread_blocked, id=9108, stack(0x000000001c970000,0x000000001ca70000)]
  0x000000001c084800 JavaThread "Attach Listener" daemon [_thread_blocked, id=15132, stack(0x000000001c870000,0x000000001c970000)]
  0x000000001a26e800 JavaThread "Signal Dispatcher" daemon [_thread_blocked, id=8508, stack(0x000000001c770000,0x000000001c870000)]
  0x000000001c071000 JavaThread "Finalizer" daemon [_thread_blocked, id=15636, stack(0x000000001c550000,0x000000001c650000)]
  0x000000001c070800 JavaThread "Reference Handler" daemon [_thread_blocked, id=10324, stack(0x000000001c450000,0x000000001c550000)]

Other Threads:
  0x000000001a259800 VMThread [stack: 0x000000001bf50000,0x000000001c050000] [id=11104]
  0x000000001c15d000 WatcherThread [stack: 0x000000001d170000,0x000000001d270000] [id=22448]

VM state:not at safepoint (normal execution)

VM Mutex/Monitor currently owned by a thread: None

heap address: 0x0000000701400000, size: 3052 MB, Compressed Oops mode: Zero based, Oop shift amount: 3
Narrow klass base: 0x0000000000000000, Narrow klass shift: 3
Compressed class space size: 1073741824 Address: 0x00000007c0000000

Heap:
 PSYoungGen      total 57344K, used 24582K [0x0000000780700000, 0x0000000784700000, 0x00000007c0000000)
  eden space 49152K, 50% used [0x0000000780700000,0x0000000781f01948,0x0000000783700000)
  from space 8192K, 0% used [0x0000000783f00000,0x0000000783f00000,0x0000000784700000)
  to   space 8192K, 0% used [0x0000000783700000,0x0000000783700000,0x0000000783f00000)
 ParOldGen       total 131072K, used 0K [0x0000000701400000, 0x0000000709400000, 0x0000000780700000)
  object space 131072K, 0% used [0x0000000701400000,0x0000000701400000,0x0000000709400000)
 Metaspace       used 10226K, capacity 10408K, committed 10624K, reserved 1058816K
  class space    used 1216K, capacity 1288K, committed 1408K, reserved 1048576K

Card table byte_map: [0x0000000012110000,0x0000000012710000] byte_map_base: 0x000000000e906000

Marking Bits: (ParMarkBitMap*) 0x000000006aa74ce0
 Begin Bits: [0x0000000013310000, 0x00000000162c0000)
 End Bits:   [0x00000000162c0000, 0x0000000019270000)

Polling page: 0x00000000012b0000

CodeCache: size=245760Kb used=2590Kb max_used=2590Kb free=243169Kb
 bounds [0x0000000002d50000, 0x0000000002fe0000, 0x0000000011d50000]
 total_blobs=1082 nmethods=626 adapters=377
 compilation: enabled

Compilation events (10 events):
Event: 0.545 Thread 0x000000001c0bd000  622       1       java.net.URL::getPath (5 bytes)
Event: 0.545 Thread 0x000000001c0bd000 nmethod 622 0x0000000002fd0610 code [0x0000000002fd0760, 0x0000000002fd0870]
Event: 0.546 Thread 0x000000001c0bd000  623       1       java.net.URL::getAuthority (5 bytes)
Event: 0.546 Thread 0x000000001c0bd000 nmethod 623 0x0000000002fd77d0 code [0x0000000002fd7920, 0x0000000002fd7a30]
Event: 0.547 Thread 0x000000001c0bd000  624       1       java.awt.AWTEvent::getID (5 bytes)
Event: 0.547 Thread 0x000000001c0bd000 nmethod 624 0x0000000002fd7510 code [0x0000000002fd7660, 0x0000000002fd7770]
Event: 0.549 Thread 0x000000001c0bd000  625       3       java.util.jar.Attributes$Name::isValid (32 bytes)
Event: 0.550 Thread 0x000000001c0bd000 nmethod 625 0x0000000002fd6a10 code [0x0000000002fd6b80, 0x0000000002fd6e38]
Event: 0.550 Thread 0x000000001c0bd000  626       3       java.util.jar.Attributes$Name::isAlpha (30 bytes)
Event: 0.550 Thread 0x000000001c0bd000 nmethod 626 0x0000000002fd6610 code [0x0000000002fd6760, 0x0000000002fd6990]

GC Heap History (0 events):
No events

Deoptimization events (4 events):
Event: 0.265 Thread 0x00000000012ee800 Uncommon trap: reason=null_check action=make_not_entrant pc=0x0000000002ec0410 method=java.lang.String.equals(Ljava/lang/Object;)Z @ 8
Event: 0.484 Thread 0x00000000012ee800 Uncommon trap: reason=unstable_if action=reinterpret pc=0x0000000002f2d51c method=java.lang.CharacterData.of(I)Ljava/lang/CharacterData; @ 4
Event: 0.498 Thread 0x00000000012ee800 Uncommon trap: reason=unstable_if action=reinterpret pc=0x0000000002fc1174 method=java.lang.Character.isSurrogate(C)Z @ 3
Event: 0.546 Thread 0x00000000012ee800 Uncommon trap: reason=unstable_if action=reinterpret pc=0x0000000002f53da8 method=java.io.WinNTFileSystem.normalize(Ljava/lang/String;)Ljava/lang/String; @ 104

Classes redefined (0 events):
No events

Internal exceptions (10 events):
Event: 0.150 Thread 0x00000000012ee800 Exception <a 'java/security/PrivilegedActionException'> (0x0000000780796440) thrown at [C:\re\workspace\8-2-build-windows-amd64-cygwin\jdk8u201\12322\hotspot\src\share\vm\prims\jvm.cpp, line 1502]
Event: 0.150 Thread 0x00000000012ee800 Exception <a 'java/security/PrivilegedActionException'> (0x0000000780796650) thrown at [C:\re\workspace\8-2-build-windows-amd64-cygwin\jdk8u201\12322\hotspot\src\share\vm\prims\jvm.cpp, line 1502]
Event: 0.154 Thread 0x00000000012ee800 Exception <a 'java/io/FileNotFoundException'> (0x00000007807993f8) thrown at [C:\re\workspace\8-2-build-windows-amd64-cygwin\jdk8u201\12322\hotspot\src\share\vm\prims\jni.cpp, line 709]
Event: 0.189 Thread 0x00000000012ee800 Exception <a 'java/lang/NoSuchFieldError': method resolution failed> (0x0000000780a55450) thrown at [C:\re\workspace\8-2-build-windows-amd64-cygwin\jdk8u201\12322\hotspot\src\share\vm\prims\methodHandles.cpp, line 1167]
Event: 0.191 Thread 0x00000000012ee800 Exception <a 'java/lang/NoSuchFieldError': method resolution failed> (0x0000000780a62820) thrown at [C:\re\workspace\8-2-build-windows-amd64-cygwin\jdk8u201\12322\hotspot\src\share\vm\prims\methodHandles.cpp, line 1167]
Event: 0.235 Thread 0x00000000012ee800 Exception <a 'java/io/FileNotFoundException'> (0x0000000780aff7c8) thrown at [C:\re\workspace\8-2-build-windows-amd64-cygwin\jdk8u201\12322\hotspot\src\share\vm\prims\jni.cpp, line 709]
Event: 0.265 Thread 0x00000000012ee800 Implicit null exception at 0x0000000002ec0167 to 0x0000000002ec0401
Event: 0.372 Thread 0x000000001d5cc800 Exception <a 'java/io/FileNotFoundException'> (0x0000000780fa4888) thrown at [C:\re\workspace\8-2-build-windows-amd64-cygwin\jdk8u201\12322\hotspot\src\share\vm\prims\jni.cpp, line 709]
Event: 0.577 Thread 0x00000000012ee800 Exception <a 'java/lang/NoClassDefFoundError': org/apache/log4j/Priority> (0x00000007817cf698) thrown at [C:\re\workspace\8-2-build-windows-amd64-cygwin\jdk8u201\12322\hotspot\src\share\vm\classfile\systemDictionary.cpp, line 199]
Event: 0.589 Thread 0x00000000012ee800 Exception <a 'java/lang/UnsatisfiedLinkError': com.intel.bluetooth.BluetoothStackMicrosoft.isNativeCodeLoaded()Z> (0x0000000781813a38) thrown at [C:\re\workspace\8-2-build-windows-amd64-cygwin\jdk8u201\12322\hotspot\src\share\vm\prims\nativeLookup.cpp, li

Events (10 events):
Event: 54.931 loading class javax/microedition/io/Connection
Event: 54.931 loading class javax/microedition/io/Connection done
Event: 54.932 loading class javax/swing/RepaintManager$3
Event: 54.932 loading class javax/swing/RepaintManager$3 done
Event: 54.933 Thread 0x000000001c24b800 Thread added: 0x000000001c24b800
Event: 54.934 Thread 0x000000001c134800 Thread added: 0x000000001c134800
Event: 54.934 Executing VM operation: EnterInterpOnlyMode
Event: 54.934 Executing VM operation: EnterInterpOnlyMode done
Event: 54.934 Executing VM operation: EnterInterpOnlyMode
Event: 54.934 Executing VM operation: EnterInterpOnlyMode done


Dynamic libraries:
0x00007ff726e90000 - 0x00007ff726ec7000 	C:\Program Files\Java\jdk1.8.0_201\bin\java.exe
0x00007ffd60cf0000 - 0x00007ffd60ee5000 	C:\WINDOWS\SYSTEM32\ntdll.dll
0x00007ffd49bc0000 - 0x00007ffd49bd5000 	C:\Program Files\AVAST Software\Avast\aswhook.dll
0x00007ffd5eef0000 - 0x00007ffd5efae000 	C:\WINDOWS\System32\KERNEL32.DLL
0x00007ffd5e790000 - 0x00007ffd5ea59000 	C:\WINDOWS\System32\KERNELBASE.dll
0x00007ffd5f3b0000 - 0x00007ffd5f45c000 	C:\WINDOWS\System32\ADVAPI32.dll
0x00007ffd5f460000 - 0x00007ffd5f4fe000 	C:\WINDOWS\System32\msvcrt.dll
0x00007ffd5f610000 - 0x00007ffd5f6ab000 	C:\WINDOWS\System32\sechost.dll
0x00007ffd5efb0000 - 0x00007ffd5f0da000 	C:\WINDOWS\System32\RPCRT4.dll
0x00007ffd5ed40000 - 0x00007ffd5eee1000 	C:\WINDOWS\System32\USER32.dll
0x00007ffd5e410000 - 0x00007ffd5e432000 	C:\WINDOWS\System32\win32u.dll
0x00007ffd5f840000 - 0x00007ffd5f86b000 	C:\WINDOWS\System32\GDI32.dll
0x00007ffd5e440000 - 0x00007ffd5e54b000 	C:\WINDOWS\System32\gdi32full.dll
0x00007ffd5e550000 - 0x00007ffd5e5ed000 	C:\WINDOWS\System32\msvcp_win.dll
0x00007ffd5ebf0000 - 0x00007ffd5ecf0000 	C:\WINDOWS\System32\ucrtbase.dll
0x00007ffd49f30000 - 0x00007ffd4a1ca000 	C:\WINDOWS\WinSxS\amd64_microsoft.windows.common-controls_6595b64144ccf1df_6.0.19041.1110_none_60b5254171f9507e\COMCTL32.dll
0x00007ffd5fea0000 - 0x00007ffd5fed0000 	C:\WINDOWS\System32\IMM32.DLL
0x000000006a170000 - 0x000000006a241000 	C:\Program Files\Java\jdk1.8.0_201\jre\bin\msvcr100.dll
0x000000006a250000 - 0x000000006aaf4000 	C:\Program Files\Java\jdk1.8.0_201\jre\bin\server\jvm.dll
0x00007ffd5fed0000 - 0x00007ffd5fed8000 	C:\WINDOWS\System32\PSAPI.DLL
0x00007ffd4a7c0000 - 0x00007ffd4a7c9000 	C:\WINDOWS\SYSTEM32\WSOCK32.dll
0x00007ffd5f500000 - 0x00007ffd5f56b000 	C:\WINDOWS\System32\WS2_32.dll
0x00007ffd45500000 - 0x00007ffd45527000 	C:\WINDOWS\SYSTEM32\WINMM.dll
0x00007ffd584e0000 - 0x00007ffd584ea000 	C:\WINDOWS\SYSTEM32\VERSION.dll
0x00007ffd59310000 - 0x00007ffd5931f000 	C:\Program Files\Java\jdk1.8.0_201\jre\bin\verify.dll
0x00007ffd591e0000 - 0x00007ffd59209000 	C:\Program Files\Java\jdk1.8.0_201\jre\bin\java.dll
0x00007ffd257f0000 - 0x00007ffd25825000 	C:\Program Files\Java\jdk1.8.0_201\jre\bin\jdwp.dll
0x00007ffd57280000 - 0x00007ffd57288000 	C:\Program Files\Java\jdk1.8.0_201\jre\bin\npt.dll
0x00007ffd58b90000 - 0x00007ffd58ba6000 	C:\Program Files\Java\jdk1.8.0_201\jre\bin\zip.dll
0x00007ffd60440000 - 0x00007ffd60b7f000 	C:\WINDOWS\System32\SHELL32.dll
0x00007ffd5c4b0000 - 0x00007ffd5cc40000 	C:\WINDOWS\SYSTEM32\windows.storage.dll
0x00007ffd5f870000 - 0x00007ffd5fbc5000 	C:\WINDOWS\System32\combase.dll
0x00007ffd5de60000 - 0x00007ffd5de8c000 	C:\WINDOWS\SYSTEM32\Wldp.dll
0x00007ffd5f100000 - 0x00007ffd5f1ae000 	C:\WINDOWS\System32\SHCORE.dll
0x00007ffd5f7e0000 - 0x00007ffd5f835000 	C:\WINDOWS\System32\shlwapi.dll
0x00007ffd5e350000 - 0x00007ffd5e36f000 	C:\WINDOWS\SYSTEM32\profapi.dll
0x00007ffd571e0000 - 0x00007ffd571e9000 	C:\Program Files\Java\jdk1.8.0_201\jre\bin\dt_socket.dll
0x00007ffd5dba0000 - 0x00007ffd5dc0a000 	C:\WINDOWS\system32\mswsock.dll
0x00007ffd44bc0000 - 0x00007ffd44d59000 	C:\Program Files\Java\jdk1.8.0_201\jre\bin\awt.dll
0x00007ffd5f710000 - 0x00007ffd5f7dd000 	C:\WINDOWS\System32\OLEAUT32.dll
0x00007ffd5b890000 - 0x00007ffd5b920000 	C:\WINDOWS\SYSTEM32\apphelp.dll
0x00007ffd5bc40000 - 0x00007ffd5bc6f000 	C:\WINDOWS\system32\DWMAPI.DLL
0x00007ffd5b9d0000 - 0x00007ffd5ba6e000 	C:\WINDOWS\system32\uxtheme.dll
0x00007ffd2ec50000 - 0x00007ffd2ed75000 	C:\WINDOWS\system32\opengl32.dll
0x00007ffd2f790000 - 0x00007ffd2f7bc000 	C:\WINDOWS\SYSTEM32\GLU32.dll
0x00007ffd5f230000 - 0x00007ffd5f345000 	C:\WINDOWS\System32\MSCTF.dll
0x00007ffd60b80000 - 0x00007ffd60caa000 	C:\WINDOWS\System32\ole32.dll
0x00007ffd5cc50000 - 0x00007ffd5cc62000 	C:\WINDOWS\SYSTEM32\kernel.appcore.dll
0x00007ffd5e5f0000 - 0x00007ffd5e673000 	C:\WINDOWS\System32\bcryptPrimitives.dll
0x00007ffd58a90000 - 0x00007ffd58ad7000 	C:\Program Files\Java\jdk1.8.0_201\jre\bin\fontmanager.dll
0x00007ffd58b70000 - 0x00007ffd58b8a000 	C:\Program Files\Java\jdk1.8.0_201\jre\bin\net.dll
0x00007ffd4b8d0000 - 0x00007ffd4babb000 	C:\WINDOWS\SYSTEM32\urlmon.dll
0x00007ffd4bc00000 - 0x00007ffd4beb0000 	C:\WINDOWS\SYSTEM32\iertutil.dll
0x00007ffd4b8a0000 - 0x00007ffd4b8c8000 	C:\WINDOWS\SYSTEM32\srvcli.dll
0x00007ffd5d870000 - 0x00007ffd5d87c000 	C:\WINDOWS\SYSTEM32\netutils.dll
0x00007ffd58b50000 - 0x00007ffd58b61000 	C:\Program Files\Java\jdk1.8.0_201\jre\bin\nio.dll
0x00007ffd58a40000 - 0x00007ffd58a82000 	C:\Program Files\Java\jdk1.8.0_201\jre\bin\t2k.dll
0x00007ffd4d170000 - 0x00007ffd4d269000 	C:\WINDOWS\SYSTEM32\textinputframework.dll
0x00007ffd5b300000 - 0x00007ffd5b65e000 	C:\WINDOWS\System32\CoreUIComponents.dll
0x00007ffd5b660000 - 0x00007ffd5b752000 	C:\WINDOWS\System32\CoreMessaging.dll
0x00007ffd5d0c0000 - 0x00007ffd5d0f3000 	C:\WINDOWS\SYSTEM32\ntmarta.dll
0x00007ffd5aaf0000 - 0x00007ffd5ac44000 	C:\WINDOWS\SYSTEM32\wintypes.dll
0x00007ffd56be0000 - 0x00007ffd56c04000 	C:\Users\Azael\AppData\Local\Temp\bluecove_Azael_0\intelbth_x64.dll
0x00007ffd594c0000 - 0x00007ffd594d5000 	C:\WINDOWS\System32\wshBth.dll
0x00007ffd570b0000 - 0x00007ffd570be000 	C:\WINDOWS\SYSTEM32\irprops.cpl
0x00007ffd545c0000 - 0x00007ffd545f7000 	C:\WINDOWS\SYSTEM32\BluetoothApis.dll
0x00007ffd5ecf0000 - 0x00007ffd5ed3e000 	C:\WINDOWS\System32\cfgmgr32.dll
0x00007ffd5e1b0000 - 0x00007ffd5e1e4000 	C:\WINDOWS\SYSTEM32\DEVOBJ.dll
0x00007ffd5c1d0000 - 0x00007ffd5c3b4000 	C:\WINDOWS\SYSTEM32\dbghelp.dll

VM Arguments:
jvm_args: -agentlib:jdwp=transport=dt_socket,server=n,address=50610 
java_command: Main
java_class_path (initial): C:\Users\Azael\Documents\NetBeansProjects\TFT\target\classes;C:\Users\Azael\.m2\repository\io\ultreia\bluecove\2.1.1\bluecove-2.1.1.jar;C:\Users\Azael\.m2\repository\javax\mail\mail\1.4.7\mail-1.4.7.jar;C:\Users\Azael\.m2\repository\javax\activation\activation\1.1\activation-1.1.jar;C:\Users\Azael\.m2\repository\org\imgscalr\imgscalr-lib\4.2\imgscalr-lib-4.2.jar;C:\Users\Azael\.m2\repository\unknown\binary\AbsoluteLayout\SNAPSHOT\AbsoluteLayout-SNAPSHOT.jar
Launcher Type: SUN_STANDARD

Environment Variables:
JAVA_HOME=C:\Program Files\Java\jdk1.8.0_201
PATH=C:\Program Files (x86)\Common Files\Oracle\Java\javapath;C:\WINDOWS\system32;C:\WINDOWS;C:\WINDOWS\System32\Wbem;C:\WINDOWS\System32\WindowsPowerShell\v1.0\;C:\WINDOWS\System32\OpenSSH\;C:\Program Files (x86)\Intel\Intel(R) Management Engine Components\DAL;C:\Program Files\Intel\Intel(R) Management Engine Components\DAL;C:\Program Files (x86)\Intel\Intel(R) Management Engine Components\IPT;C:\Program Files\Intel\Intel(R) Management Engine Components\IPT;C:\MinGW\bin;C:\Program Files\Git\cmd;C:\Users\Azael\AppData\Local\Microsoft\WindowsApps;C:\MinGW\bin;C:\Program Files\JetBrains\PyCharm Community Edition 2019.3.3\bin;;C:\Program Files\ISC BIND 9\bin;
USERNAME=Azael
OS=Windows_NT
PROCESSOR_IDENTIFIER=Intel64 Family 6 Model 142 Stepping 10, GenuineIntel



---------------  S Y S T E M  ---------------

OS: Windows 10.0 , 64 bit Build 19041 (10.0.19041.1202)

CPU:total 8 (initial active 8) (4 cores per cpu, 2 threads per core) family 6 model 142 stepping 10, cmov, cx8, fxsr, mmx, sse, sse2, sse3, ssse3, sse4.1, sse4.2, popcnt, avx, avx2, aes, clmul, erms, 3dnowpref, lzcnt, ht, tsc, tscinvbit, bmi1, bmi2, adx

Memory: 4k page, physical 12495972k(4744996k free), swap 20884580k(5885920k free)

vm_info: Java HotSpot(TM) 64-Bit Server VM (25.201-b09) for windows-amd64 JRE (1.8.0_201-b09), built on Dec 15 2018 18:36:39 by "java_re" with MS VC++ 10.0 (VS2010)

time: Mon Sep 27 12:15:31 2021
timezone: Hora de verano GMT
elapsed time: 54 seconds (0d 0h 0m 54s)

